Arguments: 
  /usr/bin/node /usr/bin/yarn add node-scss

PATH: 
  /usr/local/sbin:/usr/local/bin:/usr/sbin:/usr/bin:/sbin:/bin:/usr/games:/usr/local/games:/snap/bin

Yarn version: 
  1.22.10

Node version: 
  16.0.0

Platform: 
  linux x64

Trace: 
  Error: https://registry.yarnpkg.com/node-scss: Not found
      at Request.params.callback [as _callback] (/usr/lib/node_modules/yarn/lib/cli.js:66988:18)
      at Request.self.callback (/usr/lib/node_modules/yarn/lib/cli.js:140662:22)
      at Request.emit (node:events:365:28)
      at Request.<anonymous> (/usr/lib/node_modules/yarn/lib/cli.js:141634:10)
      at Request.emit (node:events:365:28)
      at IncomingMessage.<anonymous> (/usr/lib/node_modules/yarn/lib/cli.js:141556:12)
      at Object.onceWrapper (node:events:471:28)
      at IncomingMessage.emit (node:events:377:35)
      at endReadableNT (node:internal/streams/readable:1312:12)
      at processTicksAndRejections (node:internal/process/task_queues:83:21)

npm manifest: 
  {
    "name": "Ecommerce",
    "version": "1.0.0",
    "description": "",
    "author": {
      "name": "Md Alif",
      "url": "https://coreui.io",
      "github": "https://github.com/coreui",
      "twitter": "https://twitter.com/core_ui"
    },
    "dependencies": {
      "@coreui/coreui": "^3.4.0",
      "@coreui/icons-react": "^1.0.2",
      "@coreui/react": "^3.4.0",
      "@coreui/react-chartjs": "^1.0.1",
      "@material-ui/core": "^4.11.3",
      "@material-ui/icons": "^4.11.2",
      "@wojtekmaj/enzyme-adapter-react-17": "^0.3.2",
      "axios": "^0.21.1",
      "classnames": "^2.2.6",
      "core-js": "^3.8.1",
      "enzyme": "^3.11.0",
      "material-table": "^1.69.2",
      "prop-types": "^15.7.2",
      "react": "^17.0.1",
      "react-app-polyfill": "^2.0.0",
      "react-bootstrap": "^1.5.2",
      "react-checkbox-tree": "^1.6.0",
      "react-dom": "^17.0.1",
      "react-icons": "^4.2.0",
      "react-redux": "^7.2.2",
      "react-router-dom": "^5.2.0",
      "react-scripts": "4.0.1",
      "redux": "^4.0.5",
      "redux-devtools-extension": "^2.13.9",
      "redux-thunk": "^2.3.0",
      "sweetalert2": "^10.15.5",
      "web-vitals": "^0.2.4"
    },
    "devDependencies": {
      "auto-changelog": "~2.2.1",
      "react-scripts": "^4.0.1"
    },
    "scripts": {
      "start": "react-scripts start",
      "build": "react-scripts build",
      "test": "react-scripts test",
      "test:cov": "npm test -- --coverage --watchAll=false",
      "test:debug": "react-scripts --inspect-brk test --runInBand",
      "eject": "react-scripts eject",
      "changelog": "auto-changelog --starting-version 3.0.0 --commit-limit false --hide-credit"
    },
    "bugs": {
      "url": "https://github.com/coreui/coreui-free-react-admin-template/issues"
    },
    "eslintConfig": {
      "extends": "react-app"
    },
    "browserslist": [
      ">0.2%",
      "not dead",
      "not ie <= 10",
      "not op_mini all"
    ],
    "jest": {
      "collectCoverageFrom": [
        "src/**/*.{js,jsx}",
        "!**/*index.js",
        "!src/serviceWorker.js",
        "!src/polyfill.js"
      ]
    },
    "engines": {
      "node": ">=10",
      "npm": ">=6"
    }
  }

yarn manifest: 
  No manifest

Lockfile: 
  No lockfile
